completionist/*.zip
completionist/*.log
completionist/*.map
completionist/*.sh
completionist/*.DS_Store
completionist/.gitignore
completionist/.github/*
completionist/.github
completionist/.git/*
completionist/.git
completionist/.wordpress-org/*
completionist/.wordpress-org
completionist/exclude.lst
completionist/composer.json
completionist/composer.lock
completionist/node_modules/*
completionist/node_modules
completionist/package-lock.json
completionist/package.json
completionist/phpcs.xml
completionist/assets/styles/scss/*
completionist/assets/styles/scss
completionist/src/components/*
completionist/src/components
completionist/src/*.js
completionist/src/*.jsx
